2026-01-12 10:30:21 ERROR Database connection failed
2026-01-12 10:31:02 WARNING High memory usage detected
2026-01-12 10:32:10 ERROR Database connection failed
2026-01-12 10:33:45 ERROR Database connection failed
2026-01-12 10:34:12 CRITICAL Service crash detected
2026-01-12 10:35:50 INFO Health check completed
2026-01-12 10:36:30 WARNING High memory usage detected
2026-01-12 10:37:15 ERROR Database connection failed
2026-01-12 10:38:05 INFO Health check completed
2026-01-12 10:39:22 CRITICAL Service crash detected
2026-01-12 10:40:10 ERROR Database connection failed
2026-01-12 10:41:33 WARNING High memory usage detected
2026-01-12 10:42:45 INFO Health check completed
2026-01-12 10:43:55 ERROR Database connection failed
2026-01-12 10:44:30 CRITICAL Service crash detected
2026-01-12 10:45:15 WARNING High memory usage detected
2026-01-12 10:46:05 ERROR Database connection failed
2026-01-12 10:47:20 INFO Health check completed
2026-01-12 10:48:30 CRITICAL Service crash detected
2026-01-12 10:49:45 ERROR Database connection failed
2026-01-12 10:50:55 WARNING High memory usage detected
2026-01-12 10:51:30 INFO Health check completed
2026-01-12 10:52:15 ERROR Database connection failed
2026-01-12 10:53:40 CRITICAL Service crash detected
2026-01-12 10:54:25 WARNING High memory usage detected
2026-01-12 10:55:10 ERROR Database connection failed
2026-01-12 10:56:30 INFO Health check completed
2026-01-12 10:57:45 CRITICAL Service crash detected
2026-01-12 10:58:55 ERROR Database connection failed
2026-01-12 10:59:30 WARNING High memory usage detected
2026-01-12 11:00:15 INFO Health check completed
2026-01-12 11:01:05 ERROR Database connection failed
2026-01-12 11:02:20 CRITICAL Service crash detected
2026-01-12 11:03:35 WARNING High memory usage detected
2026-01-12 11:04:50 ERROR Database connection failed
2026-01-12 11:05:30 INFO Health check completed
2026-01-12 11:06:45 CRITICAL Service crash detected
2026-01-12 11:07:55 ERROR Database connection failed
2026-01-12 11:08:40 WARNING High memory usage detected
2026-01-12 11:09:25 INFO Health check completed
2026-01-12 11:10:15 ERROR Database connection failed
2026-01-12 11:11:30 CRITICAL Service crash detected
2026-01-12 11:12:45 WARNING High memory usage detected
2026-01-12 11:13:55 ERROR Database connection failed
2026-01-12 11:14:40 INFO Health check completed
2026-01-12 11:15:30 CRITICAL Service crash detected
2026-01-12 11:16:45 ERROR Database connection failed